<?xml version="1.0" encoding="UTF-8"?>
<!-- Generated by org.testng.reporters.JUnitXMLReporter -->
<testsuite ignored="2" hostname="DESKTOP-66JJNVF" failures="0" tests="6" name="order" time="0.643" errors="0" timestamp="2022-01-24T09:01:21 MST">
  <testcase classname="testNGPkg.Functionality1" name="functionality1Test1" time="0.052"/>
  <testcase classname="testNGPkg.Functionality1" name="functionality1Test2" time="0.004"/>
  <testcase classname="testNGPkg.Functionality1" name="functionality1Test3" time="0.003"/>
  <testcase classname="testNGPkg.Functionality2" name="functionality2Test1" time="0.003"/>
  <testcase classname="testNGPkg.Functionality2" name="functionality2Test2" time="0.003"/>
  <testcase classname="testNGPkg.Functionality2" name="functionality2Test3" time="0.004"/>
  <testcase classname="testNGPkg.BaseTest" name="@AfterTest tearDown" time="0.0">
    <ignored/>
  </testcase> <!-- @AfterTest tearDown -->
  <testcase classname="testNGPkg.BaseTest" name="@BeforeTest setUp" time="0.0">
    <ignored/>
  </testcase> <!-- @BeforeTest setUp -->
</testsuite> <!-- order -->
